#
# There is insufficient memory for the Java Runtime Environment to continue.
# Native memory allocation (malloc) failed to allocate 1048576 bytes for AllocateHeap
# Possible reasons:
#   The system is out of physical RAM or swap space
#   The process is running with CompressedOops enabled, and the Java Heap may be blocking the growth of the native heap
# Possible solutions:
#   Reduce memory load on the system
#   Increase physical memory or swap space
#   Check if swap backing store is full
#   Decrease Java heap size (-Xmx/-Xms)
#   Decrease number of Java threads
#   Decrease Java thread stack sizes (-Xss)
#   Set larger code cache with -XX:ReservedCodeCacheSize=
#   JVM is running with Unscaled Compressed Oops mode in which the Java heap is
#     placed in the first 4GB address space. The Java Heap base address is the
#     maximum limit for the native heap growth. Please use -XX:HeapBaseMinAddress
#     to set the Java Heap base and to place the Java Heap above 4GB virtual address.
# This output file may be truncated or incomplete.
#
#  Out of Memory Error (./src/hotspot/share/memory/allocation.cpp:46), pid=1668, tid=11384
#
# JRE version:  (11.0.13) (build )
# Java VM: OpenJDK 64-Bit Server VM (11.0.13+0-b1751.21-8125866, mixed mode, sharing, tiered, compressed oops, g1 gc, windows-amd64)
# No core dump will be written. Minidumps are not enabled by default on client versions of Windows
#

---------------  S U M M A R Y ------------

Command Line: org.jetbrains.kotlin.cli.jvm.K2JVMCompiler @C:\src\projects\Fit4LesFireBase\app\build\20221203_7516977487550745997.compiler.options

Host: Intel(R) Core(TM) i5-9300H CPU @ 2.40GHz, 8 cores, 15G,  Windows 11 , 64 bit Build 22621 (10.0.22621.755)
Time: Sat Dec  3 00:01:35 2022 Türkiye Standart Saati elapsed time: 0.019350 seconds (0d 0h 0m 0s)

---------------  T H R E A D  ---------------

Current thread (0x0000016091e86800):  JavaThread "Unknown thread" [_thread_in_vm, id=11384, stack(0x0000005d07800000,0x0000005d07900000)]

Stack: [0x0000005d07800000,0x0000005d07900000]
Native frames: (J=compiled Java code, j=interpreted, Vv=VM code, C=native code)
V  [jvm.dll+0x6100fa]
V  [jvm.dll+0x747090]
V  [jvm.dll+0x7486ad]
V  [jvm.dll+0x748d83]
V  [jvm.dll+0x24ab48]
V  [jvm.dll+0xb7984]
V  [jvm.dll+0x2df5d8]
V  [jvm.dll+0x7242d7]
V  [jvm.dll+0x725adc]
V  [jvm.dll+0x364629]
V  [jvm.dll+0x707cee]
V  [jvm.dll+0x3d2633]
V  [jvm.dll+0x3d4a21]
C  [jli.dll+0x536b]
C  [ucrtbase.dll+0x29363]
C  [KERNEL32.DLL+0x1244d]
C  [ntdll.dll+0x5dfb8]


---------------  P R O C E S S  ---------------

Threads class SMR info:
_java_thread_list=0x000001608fbc9170, length=0, elements={
}

Java Threads: ( => current thread )

Other Threads:

=>0x0000016091e86800 (exited) JavaThread "Unknown thread" [_thread_in_vm, id=11384, stack(0x0000005d07800000,0x0000005d07900000)]

Threads with active compile tasks:

VM state:not at safepoint (not fully initialized)

VM Mutex/Monitor currently owned by a thread: None


[error occurred during error reporting (printing compressed oops mode), id 0xc0000005, EXCEPTION_ACCESS_VIOLATION (0xc0000005) at pc=0x00007ff968625127]

GC Heap History (0 events):
No events

Deoptimization events (0 events):
No events

Classes redefined (0 events):
No events

Internal exceptions (0 events):
No events

Events (1 events):
Event: 0.015 Loaded shared library C:\Program Files\Android\Android Studio\jre\bin\zip.dll


Dynamic libraries:
0x00007ff787c50000 - 0x00007ff787c5a000 	C:\Program Files\Android\Android Studio\jre\bin\java.exe
0x00007ff9cee30000 - 0x00007ff9cf044000 	C:\WINDOWS\SYSTEM32\ntdll.dll
0x00007ff9cd6f0000 - 0x00007ff9cd7b2000 	C:\WINDOWS\System32\KERNEL32.DLL
0x00007ff9cc890000 - 0x00007ff9ccc2d000 	C:\WINDOWS\System32\KERNELBASE.dll
0x00007ff9cc260000 - 0x00007ff9cc371000 	C:\WINDOWS\System32\ucrtbase.dll
0x00007ff9c66b0000 - 0x00007ff9c66c7000 	C:\Program Files\Android\Android Studio\jre\bin\VCRUNTIME140.dll
0x00007ff9c7760000 - 0x00007ff9c7779000 	C:\Program Files\Android\Android Studio\jre\bin\jli.dll
0x00007ff9cd280000 - 0x00007ff9cd42a000 	C:\WINDOWS\System32\USER32.dll
0x00007ff9cc380000 - 0x00007ff9cc3a6000 	C:\WINDOWS\System32\win32u.dll
0x00007ff9cebf0000 - 0x00007ff9cec19000 	C:\WINDOWS\System32\GDI32.dll
0x00007ff9cc4d0000 - 0x00007ff9cc5e2000 	C:\WINDOWS\System32\gdi32full.dll
0x00007ff9cc3b0000 - 0x00007ff9cc44a000 	C:\WINDOWS\System32\msvcp_win.dll
0x00007ff9c1b00000 - 0x00007ff9c1d8e000 	C:\WINDOWS\WinSxS\amd64_microsoft.windows.common-controls_6595b64144ccf1df_6.0.22621.608_none_a9444ca7c10bb01d\COMCTL32.dll
0x00007ff9cd1d0000 - 0x00007ff9cd277000 	C:\WINDOWS\System32\msvcrt.dll
0x00007ff9ced40000 - 0x00007ff9ced72000 	C:\WINDOWS\System32\IMM32.DLL
0x00007ff9a72c0000 - 0x00007ff9a735d000 	C:\Program Files\Android\Android Studio\jre\bin\msvcp140.dll
0x00007ff967f00000 - 0x00007ff968a02000 	C:\Program Files\Android\Android Studio\jre\bin\server\jvm.dll
0x00007ff9cd120000 - 0x00007ff9cd1ce000 	C:\WINDOWS\System32\ADVAPI32.dll
0x00007ff9ccd10000 - 0x00007ff9ccdb4000 	C:\WINDOWS\System32\sechost.dll
0x00007ff9cd430000 - 0x00007ff9cd545000 	C:\WINDOWS\System32\RPCRT4.dll
0x00007ff9cede0000 - 0x00007ff9cede8000 	C:\WINDOWS\System32\PSAPI.DLL
0x00007ff9c5680000 - 0x00007ff9c568a000 	C:\WINDOWS\SYSTEM32\VERSION.dll
0x00007ff98b7e0000 - 0x00007ff98b7e9000 	C:\WINDOWS\SYSTEM32\WSOCK32.dll
0x00007ff9cd570000 - 0x00007ff9cd5e1000 	C:\WINDOWS\System32\WS2_32.dll
0x00007ff9c5c30000 - 0x00007ff9c5c64000 	C:\WINDOWS\SYSTEM32\WINMM.dll
0x00007ff9cb2d0000 - 0x00007ff9cb2e8000 	C:\WINDOWS\SYSTEM32\kernel.appcore.dll
0x00007ff967ee0000 - 0x00007ff967ef1000 	C:\Program Files\Android\Android Studio\jre\bin\verify.dll
0x00007ff9c9d90000 - 0x00007ff9c9fbe000 	C:\WINDOWS\SYSTEM32\DBGHELP.DLL
0x00007ff9cd7c0000 - 0x00007ff9cdb4a000 	C:\WINDOWS\System32\combase.dll
0x00007ff9cdb60000 - 0x00007ff9cdc37000 	C:\WINDOWS\System32\OLEAUT32.dll
0x00007ff9b1ac0000 - 0x00007ff9b1af2000 	C:\WINDOWS\SYSTEM32\dbgcore.DLL
0x00007ff9cc450000 - 0x00007ff9cc4cb000 	C:\WINDOWS\System32\bcryptPrimitives.dll
0x00007ff967eb0000 - 0x00007ff967ed9000 	C:\Program Files\Android\Android Studio\jre\bin\java.dll
0x00007ff967ea0000 - 0x00007ff967eab000 	C:\Program Files\Android\Android Studio\jre\bin\jimage.dll
0x00007ff967e80000 - 0x00007ff967e98000 	C:\Program Files\Android\Android Studio\jre\bin\zip.dll

dbghelp: loaded successfully - version: 4.0.5 - missing functions: none
symbol engine: initialized successfully - sym options: 0x614 - pdb path: .;C:\Program Files\Android\Android Studio\jre\bin;C:\WINDOWS\SYSTEM32;C:\WINDOWS\WinSxS\amd64_microsoft.windows.common-controls_6595b64144ccf1df_6.0.22621.608_none_a9444ca7c10bb01d;C:\Program Files\Android\Android Studio\jre\bin\server

VM Arguments:
java_command: org.jetbrains.kotlin.cli.jvm.K2JVMCompiler @C:\src\projects\Fit4LesFireBase\app\build\20221203_7516977487550745997.compiler.options
java_class_path (initial): C:\Users\kaan4\.gradle\caches\modules-2\files-2.1\org.jetbrains.kotlin\kotlin-compiler-embeddable\1.7.20\8db18559a581dd2c36ddfd5046af145650f5b126\kotlin-compiler-embeddable-1.7.20.jar;C:\Users\kaan4\.gradle\caches\modules-2\files-2.1\org.jetbrains.kotlin\kotlin-reflect\1.7.20\12b2501e33bb6373e8e347c86d85481863629381\kotlin-reflect-1.7.20.jar;C:\Users\kaan4\.gradle\caches\modules-2\files-2.1\org.jetbrains.kotlin\kotlin-stdlib\1.7.20\726594ea9ba2beb2ee113647fefa9a10f9fabe52\kotlin-stdlib-1.7.20.jar;C:\Users\kaan4\.gradle\caches\modules-2\files-2.1\org.jetbrains.kotlin\kotlin-script-runtime\1.7.20\bcd1cc6f865e632550357fcc59f5ffd532615a8\kotlin-script-runtime-1.7.20.jar;C:\Users\kaan4\.gradle\caches\modules-2\files-2.1\org.jetbrains.kotlin\kotlin-daemon-embeddable\1.7.20\1e24355adad8d529d75d5b19eab55484057431ba\kotlin-daemon-embeddable-1.7.20.jar;C:\Users\kaan4\.gradle\caches\modules-2\files-2.1\org.jetbrains.intellij.deps\trove4j\1.0.20200330\3afb14d5f9ceb459d724e907a21145e8ff394f02\trove4j-1.0.20200330.jar;C:\Users\kaan4\.gradle\caches\modules-2\files-2.1\net.java.dev.jna\jna\5.6.0\330f2244e9030119ab3030fc3fededc86713d9cc\jna-5.6.0.jar;C:\Users\kaan4\.gradle\caches\modules-2\files-2.1\org.jetbrains.kotlin\kotlin-stdlib-common\1.7.20\e15351bdaf9fa06f009be5da7a202e4184f00ae3\kotlin-stdlib-common-1.7.20.jar;C:\Users\kaan4\.gradle\caches\modules-2\files-2.1\org.jetbrains\annotations\13.0\919f0dfe192fb4e063e7dacadee7f8bb9a2672a9\annotations-13.0.jar
Launcher Type: SUN_STANDARD

[Global flags]
     intx CICompilerCount                          = 4                                         {product} {ergonomic}
     uint G1ConcRefinementThreads                  = 8                                         {product} {ergonomic}
   size_t G1HeapRegionSize                         = 1048576                                   {product} {ergonomic}
    uintx GCDrainStackTargetSize                   = 64                                        {product} {ergonomic}
   size_t InitialHeapSize                          = 266338304                                 {product} {ergonomic}
   size_t MaxHeapSize                              = 4253024256                                {product} {ergonomic}
   size_t MinHeapDeltaBytes                        = 1048576                                   {product} {ergonomic}
    uintx NonNMethodCodeHeapSize                   = 5836300                                {pd product} {ergonomic}
    uintx NonProfiledCodeHeapSize                  = 122910970                              {pd product} {ergonomic}
    uintx ProfiledCodeHeapSize                     = 122910970                              {pd product} {ergonomic}
    uintx ReservedCodeCacheSize                    = 251658240                              {pd product} {ergonomic}
     bool SegmentedCodeCache                       = true                                      {product} {ergonomic}
     bool UseCompressedClassPointers               = true                                 {lp64_product} {ergonomic}
     bool UseCompressedOops                        = true                                 {lp64_product} {ergonomic}
     bool UseG1GC                                  = true                                      {product} {ergonomic}
     bool UseLargePagesIndividualAllocation        = false                                  {pd product} {ergonomic}

Logging:
Log output configuration:
 #0: stdout all=warning uptime,level,tags
 #1: stderr all=off uptime,level,tags

Environment Variables:
JAVA_HOME=C:\Program Files\Eclipse Foundation\jdk-16.0.2.7-hotspot\
PATH=C:\ProgramData\Oracle\Java\javapath;C:\Program Files\Eclipse Foundation\jdk-16.0.2.7-hotspot\bin;C:\Program Files\Common Files\Oracle\Java\javapath;C:\Program Files (x86)\Common Files\Oracle\Java\javapath;C:\Windows\system32;C:\Windows;C:\Windows\System32\Wbem;C:\Windows\System32\WindowsPowerShell\v1.0\;C:\Windows\System32\OpenSSH\;C:\Program Files (x86)\NVIDIA Corporation\PhysX\Common;C:\Program Files\NVIDIA Corporation\NVIDIA NvDLISR;C:\Program Files\Microsoft SQL Server\130\Tools\Binn\;C:\Program Files\Git\cmd;C:\WINDOWS\system32;C:\WINDOWS;C:\WINDOWS\System32\Wbem;C:\WINDOWS\System32\WindowsPowerShell\v1.0\;C:\WINDOWS\System32\OpenSSH\;C:\Program Files\Git LFS;C:\Program Files\dotnet\;%SystemRoot%\system32;%SystemRoot%;%SystemRoot%\System32\Wbem;%SYSTEMROOT%\System32\WindowsPowerShell\v1.0\;%SYSTEMROOT%\System32\OpenSSH\;C:\Users\kaan4\AppData\Local\Microsoft\WindowsApps;C:\Users\kaan4\AppData\Local\Programs\Microsoft VS Code\bin;C:\Users\kaan4\.dotnet\tools;C:\src\flutter\bin;C:\Users\kaan4\AppData\Local\Android\Sdk\platform-tools;C:\Users\kaan4\AppData\Local\GitHubDesktop\bin;
USERNAME=kaan4
OS=Windows_NT
PROCESSOR_IDENTIFIER=Intel64 Family 6 Model 158 Stepping 10, GenuineIntel



---------------  S Y S T E M  ---------------

OS: Windows 11 , 64 bit Build 22621 (10.0.22621.755)
OS uptime: 0 days 3:51 hours

CPU:total 8 (initial active 8) (4 cores per cpu, 2 threads per core) family 6 model 158 stepping 10 microcode 0xde, cmov, cx8, fxsr, mmx, sse, sse2, sse3, ssse3, sse4.1, sse4.2, popcnt, avx, avx2, aes, clmul, erms, 3dnowpref, lzcnt, ht, tsc, tscinvbit, bmi1, bmi2, adx, fma

Memory: 4k page, system-wide physical 16220M (2874M free)
TotalPageFile size 18268M (AvailPageFile size 5M)
current process WorkingSet (physical memory assigned to process): 10M, peak: 10M
current process commit charge ("private bytes"): 13M, peak: 14M

vm_info: OpenJDK 64-Bit Server VM (11.0.13+0-b1751.21-8125866) for windows-amd64 JRE (11.0.13+0-b1751.21-8125866), built on Feb  2 2022 03:00:22 by "builder" with MS VC++ 14.0 (VS2015)

END.
